07/14/2021 07:48:02 PM : INFO : Reading CSV file.........
07/14/2021 07:48:02 PM : INFO : Connecting to mysql database
07/14/2021 07:48:02 PM : INFO : Connected successfully
07/14/2021 07:50:38 PM : INFO : Reading CSV file.........
07/14/2021 07:50:38 PM : INFO : Connecting to mysql database
07/14/2021 07:50:38 PM : INFO : Connected successfully
07/14/2021 07:52:49 PM : INFO : Reading CSV file.........
07/14/2021 07:52:49 PM : INFO : Connecting to mysql database
07/14/2021 07:52:49 PM : INFO : Connected successfully
07/14/2021 08:15:38 PM : INFO : Reading CSV file.........
07/14/2021 08:15:38 PM : INFO : Connecting to mysql database
07/14/2021 08:15:39 PM : INFO : Connected successfully
07/14/2021 08:15:58 PM : INFO : Reading CSV file.........
07/14/2021 08:15:58 PM : INFO : Connecting to mysql database
07/14/2021 08:15:58 PM : INFO : Connected successfully
07/14/2021 08:18:16 PM : INFO : Reading CSV file.........
07/14/2021 08:19:08 PM : INFO : Reading CSV file.........
07/14/2021 08:19:46 PM : INFO : Connecting to mysql database
07/14/2021 08:19:46 PM : INFO : Connected successfully
07/14/2021 08:21:42 PM : INFO : Reading CSV file.........
07/14/2021 08:31:21 PM : INFO : Reading CSV file.........
07/14/2021 08:31:55 PM : INFO : Connecting to mysql database
07/14/2021 08:31:55 PM : INFO : Connected successfully
07/14/2021 08:34:03 PM : INFO : Reading CSV file.........
07/14/2021 08:34:11 PM : INFO : Reading CSV file.........
07/14/2021 08:34:46 PM : INFO : Connecting to mysql database
07/14/2021 08:34:47 PM : INFO : Connected successfully
07/14/2021 08:39:17 PM : INFO : Reading CSV file.........
07/14/2021 08:39:52 PM : INFO : Connecting to mysql database
07/14/2021 08:39:52 PM : INFO : Connected successfully
07/14/2021 08:41:11 PM : INFO : Reading CSV file.........
07/14/2021 08:41:47 PM : INFO : Connecting to mysql database
07/14/2021 08:41:47 PM : INFO : Connected successfully
07/14/2021 08:42:46 PM : INFO : Reading CSV file.........
07/14/2021 08:43:22 PM : INFO : Connecting to mysql database
07/14/2021 08:43:22 PM : INFO : Connected successfully
07/14/2021 08:44:03 PM : INFO : Reading CSV file.........
07/14/2021 08:44:39 PM : INFO : Connecting to mysql database
07/14/2021 08:44:39 PM : INFO : Connected successfully
07/14/2021 08:45:53 PM : INFO : Reading CSV file.........
07/14/2021 08:46:30 PM : INFO : Connecting to mysql database
07/14/2021 08:46:30 PM : INFO : Connected successfully
07/14/2021 08:50:40 PM : INFO : Reading CSV file.........
07/14/2021 08:51:17 PM : INFO : Connecting to mysql database
07/14/2021 08:51:17 PM : INFO : Connected successfully
07/14/2021 08:55:10 PM : INFO : Reading CSV file.........
07/14/2021 08:55:48 PM : INFO : Connecting to mysql database
07/14/2021 08:55:48 PM : INFO : Connected successfully
07/14/2021 08:59:47 PM : INFO : Reading CSV file.........
07/14/2021 09:00:25 PM : INFO : Connecting to mysql database
07/14/2021 09:00:25 PM : INFO : Connected successfully
07/14/2021 09:01:19 PM : INFO : Reading CSV file.........
07/14/2021 09:01:55 PM : INFO : Connecting to mysql database
07/14/2021 09:01:55 PM : INFO : Connected successfully
07/14/2021 09:04:28 PM : INFO : Reading CSV file.........
07/14/2021 09:05:04 PM : INFO : Connecting to mysql database
07/14/2021 09:05:04 PM : INFO : Connected successfully
07/14/2021 09:10:01 PM : INFO : Reading CSV file.........
07/14/2021 09:10:36 PM : INFO : Connecting to mysql database
07/14/2021 09:10:37 PM : INFO : Connected successfully
07/14/2021 09:10:50 PM : INFO : Reading CSV file.........
07/14/2021 09:11:26 PM : INFO : Connecting to mysql database
07/14/2021 09:11:26 PM : INFO : Connected successfully
07/14/2021 09:17:01 PM : INFO : Reading CSV file.........
07/14/2021 09:17:37 PM : INFO : Connecting to mysql database
07/14/2021 09:17:37 PM : INFO : Connected successfully
07/14/2021 09:22:05 PM : INFO : Reading CSV file.........
07/14/2021 09:22:41 PM : INFO : Connecting to mysql database
07/14/2021 09:22:41 PM : INFO : Connected successfully
07/14/2021 09:25:43 PM : INFO : Reading CSV file.........
07/14/2021 09:26:19 PM : INFO : Connecting to mysql database
07/14/2021 09:26:19 PM : INFO : Connected successfully
07/14/2021 09:27:01 PM : INFO : Reading CSV file.........
07/14/2021 09:27:37 PM : INFO : Connecting to mysql database
07/14/2021 09:27:37 PM : INFO : Connected successfully
07/14/2021 09:31:05 PM : INFO : Reading CSV file.........
07/14/2021 09:31:41 PM : INFO : Connecting to mysql database
07/14/2021 09:31:41 PM : INFO : Connected successfully
07/14/2021 09:37:48 PM : INFO : Reading CSV file.........
07/14/2021 09:38:28 PM : INFO : Connecting to mysql database
07/14/2021 09:38:28 PM : INFO : Connected successfully
07/14/2021 09:39:45 PM : INFO : Reading CSV file.........
07/14/2021 09:40:25 PM : INFO : Connecting to mysql database
07/14/2021 09:40:25 PM : INFO : Connected successfully
07/14/2021 09:44:54 PM : INFO : Reading CSV file.........
07/14/2021 09:45:34 PM : INFO : Connecting to mysql database
07/14/2021 09:45:34 PM : INFO : Connected successfully
07/14/2021 09:46:06 PM : INFO : Reading CSV file.........
07/14/2021 09:46:47 PM : INFO : Connecting to mysql database
07/14/2021 09:46:47 PM : INFO : Connected successfully
07/14/2021 09:49:43 PM : INFO : Reading CSV file.........
07/14/2021 09:50:23 PM : INFO : Connecting to mysql database
07/14/2021 09:50:23 PM : INFO : Connected successfully
07/14/2021 09:52:19 PM : INFO : Reading CSV file.........
07/14/2021 09:53:00 PM : INFO : Connecting to mysql database
07/14/2021 09:53:00 PM : INFO : Connected successfully
08/31/2021 11:07:13 AM : INFO : Opening schema configuration file 
08/31/2021 11:07:13 AM : INFO : Opening database configuration file
08/31/2021 11:07:13 AM : INFO : Reading CSV file.........
08/31/2021 11:07:13 AM : INFO : Validating not null and date type values
08/31/2021 11:17:57 AM : INFO : Opening schema configuration file 
08/31/2021 11:17:57 AM : INFO : Opening database configuration file
08/31/2021 11:17:57 AM : INFO : Reading CSV file.........
08/31/2021 11:17:58 AM : INFO : Validating not null and date type values
08/31/2021 11:47:15 AM : INFO : Opening schema configuration file 
08/31/2021 11:47:15 AM : INFO : Opening database configuration file
08/31/2021 11:47:15 AM : INFO : Reading CSV file.........
08/31/2021 11:47:15 AM : INFO : Validating not null and date type values
08/31/2021 11:48:20 AM : INFO : Opening schema configuration file 
08/31/2021 11:48:20 AM : INFO : Opening database configuration file
08/31/2021 11:48:20 AM : INFO : Reading CSV file.........
08/31/2021 11:48:20 AM : INFO : Validating not null and date type values
08/31/2021 11:48:22 AM : INFO : Connecting to mysql database
08/31/2021 11:48:22 AM : INFO : Connected successfully
08/31/2021 11:48:22 AM : INFO : Creating table.............
08/31/2021 11:48:22 AM : INFO : 405 records inserted.

08/31/2021 11:52:59 AM : INFO : Opening schema configuration file 
08/31/2021 11:52:59 AM : INFO : Opening database configuration file
08/31/2021 11:52:59 AM : INFO : Reading CSV file.........
08/31/2021 11:52:59 AM : INFO : Validating not null and date type values
08/31/2021 11:53:00 AM : INFO : Connecting to mysql database
08/31/2021 11:53:00 AM : INFO : Connected successfully
08/31/2021 11:53:00 AM : INFO : Creating table.............
08/31/2021 11:53:00 AM : INFO : 405 records inserted.

08/31/2021 11:53:34 AM : INFO : Opening schema configuration file 
08/31/2021 11:53:34 AM : INFO : Opening database configuration file
08/31/2021 11:53:34 AM : INFO : Reading CSV file.........
08/31/2021 11:53:34 AM : INFO : Validating not null and date type values
08/31/2021 11:53:35 AM : INFO : Connecting to mysql database
08/31/2021 11:53:35 AM : INFO : Connected successfully
08/31/2021 11:53:35 AM : INFO : Creating table.............
08/31/2021 11:53:35 AM : INFO : 405 records inserted.

08/31/2021 11:54:19 AM : INFO : Opening schema configuration file 
08/31/2021 11:54:19 AM : INFO : Opening database configuration file
08/31/2021 11:54:19 AM : INFO : Reading CSV file.........
08/31/2021 11:54:19 AM : INFO : Validating not null and date type values
08/31/2021 11:54:20 AM : INFO : Connecting to mysql database
08/31/2021 11:54:20 AM : INFO : Connected successfully
08/31/2021 11:54:20 AM : INFO : Creating table.............
08/31/2021 11:54:20 AM : INFO : 405 records inserted.

08/31/2021 11:54:57 AM : INFO : Opening schema configuration file 
08/31/2021 11:54:57 AM : INFO : Opening database configuration file
08/31/2021 11:54:57 AM : INFO : Reading CSV file.........
08/31/2021 11:54:57 AM : INFO : Validating not null and date type values
08/31/2021 11:54:58 AM : INFO : Connecting to mysql database
08/31/2021 11:54:58 AM : INFO : Connected successfully
08/31/2021 11:54:58 AM : INFO : Creating table.............
08/31/2021 11:54:58 AM : INFO : 274 records inserted.

